Traceback (most recent call last):
  File "/home/nick/garden/micromamba/envs/workshop/lib/python3.11/site-packages/jupyter_cache/executors/utils.py", line 58, in single_nb_execution
    executenb(
  File "/home/nick/garden/micromamba/envs/workshop/lib/python3.11/site-packages/nbclient/client.py", line 1204, in execute
    return NotebookClient(nb=nb, resources=resources, km=km, **kwargs).execute()
           ^^^^^^^^^^^^^^^^^^^^^^^^^^^^^^^^^^^^^^^^^^^^^^^^^^^^^^^^^^^^^^^^^^^^^
  File "/home/nick/garden/micromamba/envs/workshop/lib/python3.11/site-packages/nbclient/util.py", line 84, in wrapped
    return just_run(coro(*args, **kwargs))
           ^^^^^^^^^^^^^^^^^^^^^^^^^^^^^^^
  File "/home/nick/garden/micromamba/envs/workshop/lib/python3.11/site-packages/nbclient/util.py", line 62, in just_run
    return loop.run_until_complete(coro)
           ^^^^^^^^^^^^^^^^^^^^^^^^^^^^^
  File "/home/nick/garden/micromamba/envs/workshop/lib/python3.11/asyncio/base_events.py", line 653, in run_until_complete
    return future.result()
           ^^^^^^^^^^^^^^^
  File "/home/nick/garden/micromamba/envs/workshop/lib/python3.11/site-packages/nbclient/client.py", line 663, in async_execute
    await self.async_execute_cell(
  File "/home/nick/garden/micromamba/envs/workshop/lib/python3.11/site-packages/nbclient/client.py", line 965, in async_execute_cell
    await self._check_raise_for_error(cell, cell_index, exec_reply)
  File "/home/nick/garden/micromamba/envs/workshop/lib/python3.11/site-packages/nbclient/client.py", line 862, in _check_raise_for_error
    raise CellExecutionError.from_cell_and_msg(cell, exec_reply_content)
nbclient.exceptions.CellExecutionError: An error occurred while executing the following cell:
------------------
ax = sns.histplot(
    birds, x = "Date Detected", hue = "Sampling Method", multiple = "stack")
ax.set_xticks(
    ax.get_xticks(), ax.get_xticklabels(), rotation = 45, ha = "right",
    rotation_mode = "anchor")
sns.move_legend(ax, loc = "center left", bbox_to_anchor = (1, 0.5))

ax.plot(flu["date"], flu["weekly_rate"] * 100, color = "#000000")
ax.title("Flu Rates for Birds and Humans")
ax.set_ylabel("Reported bird deaths\nHospitalizations per 10 million people")
------------------

[0;31m---------------------------------------------------------------------------[0m
[0;31mTypeError[0m                                 Traceback (most recent call last)
Cell [0;32mIn[43], line 9[0m
[1;32m      6[0m sns[38;5;241m.[39mmove_legend(ax, loc [38;5;241m=[39m [38;5;124m"[39m[38;5;124mcenter left[39m[38;5;124m"[39m, bbox_to_anchor [38;5;241m=[39m ([38;5;241m1[39m, [38;5;241m0.5[39m))
[1;32m      8[0m ax[38;5;241m.[39mplot(flu[[38;5;124m"[39m[38;5;124mdate[39m[38;5;124m"[39m], flu[[38;5;124m"[39m[38;5;124mweekly_rate[39m[38;5;124m"[39m] [38;5;241m*[39m [38;5;241m100[39m, color [38;5;241m=[39m [38;5;124m"[39m[38;5;124m#000000[39m[38;5;124m"[39m)
[0;32m----> 9[0m [43max[49m[38;5;241;43m.[39;49m[43mtitle[49m[43m([49m[38;5;124;43m"[39;49m[38;5;124;43mFlu Rates for Birds and Humans[39;49m[38;5;124;43m"[39;49m[43m)[49m
[1;32m     10[0m ax[38;5;241m.[39mset_ylabel([38;5;124m"[39m[38;5;124mReported bird deaths[39m[38;5;130;01m\n[39;00m[38;5;124mHospitalizations per 10 million people[39m[38;5;124m"[39m)

[0;31mTypeError[0m: 'Text' object is not callable
TypeError: 'Text' object is not callable

